2016-01-07 20:15:16,688 INFO: Dtoy startup [in F:\Note\Dtoy\app\Dtoy\__init__.py:30]
2016-01-07 20:28:27,494 INFO: Dtoy startup [in F:\Note\Dtoy\app\Dtoy\__init__.py:30]
2016-01-07 20:35:33,759 INFO: Dtoy startup [in F:\Note\Dtoy\app\Dtoy\__init__.py:30]
2016-01-07 20:35:40,477 INFO: Dtoy startup [in F:\Note\Dtoy\app\Dtoy\__init__.py:30]
2016-01-07 20:35:45,107 INFO: Dtoy startup [in F:\Note\Dtoy\app\Dtoy\__init__.py:30]
2016-01-07 20:35:51,767 INFO: Dtoy startup [in F:\Note\Dtoy\app\Dtoy\__init__.py:30]
2016-01-07 20:35:56,506 INFO: Dtoy startup [in F:\Note\Dtoy\app\Dtoy\__init__.py:30]
2016-01-07 20:36:03,279 INFO: Dtoy startup [in F:\Note\Dtoy\app\Dtoy\__init__.py:30]
2016-01-07 20:36:10,964 INFO: Dtoy startup [in F:\Note\Dtoy\app\Dtoy\__init__.py:30]
2016-01-07 20:36:17,694 INFO: Dtoy startup [in F:\Note\Dtoy\app\Dtoy\__init__.py:30]
2016-01-07 20:36:36,565 INFO: Dtoy startup [in F:\Note\Dtoy\app\Dtoy\__init__.py:30]
2016-01-07 20:37:21,934 INFO: Dtoy startup [in F:\Note\Dtoy\app\Dtoy\__init__.py:30]
2016-01-07 20:38:31,657 INFO: Dtoy startup [in F:\Note\Dtoy\app\Dtoy\__init__.py:30]
2016-01-07 20:39:03,779 INFO: Dtoy startup [in F:\Note\Dtoy\app\Dtoy\__init__.py:30]
2016-01-07 20:39:34,918 INFO: Dtoy startup [in F:\Note\Dtoy\app\Dtoy\__init__.py:30]
2016-01-07 20:39:53,776 INFO: Dtoy startup [in F:\Note\Dtoy\app\Dtoy\__init__.py:30]
2016-01-07 20:40:08,688 INFO: Dtoy startup [in F:\Note\Dtoy\app\Dtoy\__init__.py:30]
2016-01-07 20:41:19,394 INFO: Dtoy startup [in F:\Note\Dtoy\app\Dtoy\__init__.py:30]
2016-01-07 20:41:46,371 INFO: Dtoy startup [in F:\Note\Dtoy\app\Dtoy\__init__.py:30]
2016-01-07 20:42:08,270 INFO: Dtoy startup [in F:\Note\Dtoy\app\Dtoy\__init__.py:30]
2016-01-07 20:43:08,875 INFO: Dtoy startup [in F:\Note\Dtoy\app\Dtoy\__init__.py:30]
2016-01-07 20:44:06,346 INFO: Dtoy startup [in F:\Note\Dtoy\app\Dtoy\__init__.py:30]
2016-01-07 20:44:08,937 INFO: Dtoy startup [in F:\Note\Dtoy\app\Dtoy\__init__.py:30]
2016-01-07 20:45:05,377 INFO: Dtoy startup [in F:\Note\Dtoy\app\Dtoy\__init__.py:30]
2016-01-07 20:45:12,180 INFO: g user 2@11.com [in F:\Note\Dtoy\app\Dtoy\deploy\DeployView.py:29]
2016-01-07 20:47:26,315 INFO: Dtoy startup [in F:\Note\Dtoy\app\Dtoy\__init__.py:30]
2016-01-07 20:47:32,316 INFO: g user 2@11.com [in F:\Note\Dtoy\app\Dtoy\deploy\DeployView.py:29]
2016-01-07 20:48:47,173 INFO: Dtoy startup [in F:\Note\Dtoy\app\Dtoy\__init__.py:30]
2016-01-07 20:48:55,980 INFO: g user 2@11.com [in F:\Note\Dtoy\app\Dtoy\deploy\DeployView.py:29]
2016-01-07 20:53:50,671 INFO: Dtoy startup [in F:\Note\Dtoy\app\Dtoy\__init__.py:30]
2016-01-07 20:56:01,414 INFO: Dtoy startup [in F:\Note\Dtoy\app\Dtoy\__init__.py:30]
2016-01-07 20:58:55,700 INFO: Dtoy startup [in F:\Note\Dtoy\app\Dtoy\__init__.py:30]
2016-01-07 21:03:48,142 INFO: Dtoy startup [in F:\Note\Dtoy\app\Dtoy\__init__.py:30]
2016-01-07 21:05:00,194 INFO: Manager:2@11.com delete appinfo :Ds. [in F:\Note\Dtoy\app\Dtoy\deploy\DeployView.py:54]
2016-01-07 21:05:33,506 INFO: Dtoy startup [in F:\Note\Dtoy\app\Dtoy\__init__.py:30]
2016-01-07 21:05:39,739 INFO: Manager:2@11.com delete appinfo :2312Wweq. [in F:\Note\Dtoy\app\Dtoy\deploy\DeployView.py:54]
2016-01-07 21:06:07,165 INFO: g user 2@11.com [in F:\Note\Dtoy\app\Dtoy\deploy\DeployView.py:29]
2016-01-07 21:08:07,971 INFO: g user 2@11.com [in F:\Note\Dtoy\app\Dtoy\deploy\DeployView.py:29]
2016-01-07 21:08:29,663 INFO: g user 2@11.com [in F:\Note\Dtoy\app\Dtoy\deploy\DeployView.py:29]
2016-01-07 21:09:17,757 INFO: g user 2@11.com [in F:\Note\Dtoy\app\Dtoy\deploy\DeployView.py:29]
2016-01-07 21:09:39,230 INFO: Dtoy startup [in F:\Note\Dtoy\app\Dtoy\__init__.py:30]
2016-01-07 21:09:48,661 INFO: g user 2@11.com [in F:\Note\Dtoy\app\Dtoy\deploy\DeployView.py:29]
2016-01-07 21:10:12,405 INFO: Dtoy startup [in F:\Note\Dtoy\app\Dtoy\__init__.py:30]
2016-01-07 21:10:20,148 INFO: Dtoy startup [in F:\Note\Dtoy\app\Dtoy\__init__.py:30]
2016-01-07 21:10:44,522 INFO: Manager:2@11.com delete appinfo :Oepn. [in F:\Note\Dtoy\app\Dtoy\deploy\DeployView.py:54]
2016-01-07 21:10:50,615 INFO: g user 2@11.com [in F:\Note\Dtoy\app\Dtoy\deploy\DeployView.py:29]
2016-01-07 21:11:21,375 INFO: Manager:2@11.com delete appinfo :23. [in F:\Note\Dtoy\app\Dtoy\deploy\DeployView.py:54]
2016-01-07 21:12:12,573 INFO: Dtoy startup [in F:\Note\Dtoy\app\Dtoy\__init__.py:30]
2016-01-07 21:12:30,421 INFO: Dtoy startup [in F:\Note\Dtoy\app\Dtoy\__init__.py:30]
2016-01-07 21:12:36,101 INFO: submitter 2@11.com,type is <type 'str'> [in F:\Note\Dtoy\app\Dtoy\deploy\DeployView.py:30]
2016-01-07 21:12:43,980 INFO: submitter 2@11.com,type is <type 'str'> [in F:\Note\Dtoy\app\Dtoy\deploy\DeployView.py:30]
2016-01-07 21:13:30,970 INFO: Dtoy startup [in F:\Note\Dtoy\app\Dtoy\__init__.py:30]
2016-01-07 21:13:38,647 INFO: submitter 2@11.com,type is <type 'str'> [in F:\Note\Dtoy\app\Dtoy\deploy\DeployView.py:30]
2016-01-07 21:13:42,253 INFO: Manager:2@11.com delete appinfo :21312312123. [in F:\Note\Dtoy\app\Dtoy\deploy\DeployView.py:54]
2016-01-07 21:13:44,467 INFO: Manager:2@11.com delete appinfo :21312312. [in F:\Note\Dtoy\app\Dtoy\deploy\DeployView.py:54]
2016-01-07 21:13:51,128 INFO: submitter 2@11.com,type is <type 'str'> [in F:\Note\Dtoy\app\Dtoy\deploy\DeployView.py:30]
2016-01-07 21:13:57,032 INFO: Dtoy startup [in F:\Note\Dtoy\app\Dtoy\__init__.py:30]
2016-01-07 21:14:03,684 INFO: Dtoy startup [in F:\Note\Dtoy\app\Dtoy\__init__.py:30]
2016-01-07 21:14:11,496 INFO: Manager:2@11.com delete appinfo :Asda. [in F:\Note\Dtoy\app\Dtoy\deploy\DeployView.py:54]
2016-01-08 13:13:10,334 INFO: Dtoy startup [in F:\Note\Dtoy\app\Dtoy\__init__.py:30]
2016-01-08 13:13:11,197 INFO: Dtoy startup [in F:\Note\Dtoy\app\Dtoy\__init__.py:30]
2016-01-08 13:13:28,756 INFO: 127.0.0.1 use 2@11.com login. [in F:\Note\Dtoy\app\Dtoy\user\UserView.py:53]
2016-01-08 13:13:58,579 INFO: Manager:2@11.com delete appinfo :Aa12. [in F:\Note\Dtoy\app\Dtoy\deploy\DeployView.py:54]
2016-01-08 13:14:00,802 INFO: Manager:2@11.com delete appinfo :213. [in F:\Note\Dtoy\app\Dtoy\deploy\DeployView.py:54]
2016-01-08 13:15:41,467 INFO: 127.0.0.1 use 2@11.com login. [in F:\Note\Dtoy\app\Dtoy\user\UserView.py:53]
2016-01-08 13:16:57,661 INFO: 192.168.1.6 use 2@11.com login. [in F:\Note\Dtoy\app\Dtoy\user\UserView.py:53]
2016-01-09 11:43:21,730 INFO: Dtoy startup [in F:\Note\Dtoy\app\Dtoy\__init__.py:30]
2016-01-09 11:43:22,970 INFO: Dtoy startup [in F:\Note\Dtoy\app\Dtoy\__init__.py:30]
2016-01-09 11:43:29,375 INFO: 127.0.0.1 use 2@11.com login. [in F:\Note\Dtoy\app\Dtoy\user\UserView.py:53]
2016-01-09 11:45:09,009 INFO: Dtoy startup [in F:\Note\Dtoy\app\Dtoy\__init__.py:30]
2016-01-09 11:45:22,690 INFO: Dtoy startup [in F:\Note\Dtoy\app\Dtoy\__init__.py:30]
2016-01-09 11:45:28,299 INFO: Dtoy startup [in F:\Note\Dtoy\app\Dtoy\__init__.py:30]
2016-01-09 11:45:30,859 INFO: Dtoy startup [in F:\Note\Dtoy\app\Dtoy\__init__.py:30]
2016-01-09 11:45:44,130 INFO: 127.0.0.1 use 2@11.com login. [in F:\Note\Dtoy\app\Dtoy\user\UserView.py:53]
2016-01-09 12:09:50,135 INFO: Dtoy startup [in F:\Note\Dtoy\app\Dtoy\__init__.py:30]
2016-01-09 12:09:50,605 INFO: Dtoy startup [in F:\Note\Dtoy\app\Dtoy\__init__.py:30]
2016-01-09 12:27:46,233 INFO: Dtoy startup [in F:\Note\Dtoy\app\Dtoy\__init__.py:30]
2016-01-09 12:29:59,384 INFO: Dtoy startup [in F:\Note\Dtoy\app\Dtoy\__init__.py:30]
2016-01-09 12:34:53,282 INFO: Dtoy startup [in F:\Note\Dtoy\app\Dtoy\__init__.py:30]
2016-01-11 09:42:16,803 INFO: Dtoy startup [in F:\Note\Dtoy\app\Dtoy\__init__.py:30]
2016-01-11 09:42:17,976 INFO: Dtoy startup [in F:\Note\Dtoy\app\Dtoy\__init__.py:30]
2016-01-11 09:42:27,727 INFO: 127.0.0.1 use 2@11.com login. [in F:\Note\Dtoy\app\Dtoy\user\UserView.py:53]
2016-01-11 09:51:43,233 INFO: Dtoy startup [in F:\Note\Dtoy\app\Dtoy\__init__.py:30]
2016-01-11 09:57:01,230 INFO: Dtoy startup [in F:\Note\Dtoy\app\Dtoy\__init__.py:30]
2016-01-11 09:57:04,686 INFO: Manager:2@11.com delete appinfo :1312. [in F:\Note\Dtoy\app\Dtoy\deploy\DeployView.py:64]
2016-01-11 09:57:16,325 INFO: appname is sfdqwe [in F:\Note\Dtoy\app\Dtoy\deploy\DeployView.py:38]
2016-01-11 09:57:28,253 INFO: Dtoy startup [in F:\Note\Dtoy\app\Dtoy\__init__.py:30]
2016-01-11 09:58:24,698 INFO: Dtoy startup [in F:\Note\Dtoy\app\Dtoy\__init__.py:30]
2016-01-11 09:58:54,732 INFO: Dtoy startup [in F:\Note\Dtoy\app\Dtoy\__init__.py:30]
2016-01-11 09:59:02,648 INFO: Dtoy startup [in F:\Note\Dtoy\app\Dtoy\__init__.py:30]
2016-01-11 09:59:29,608 INFO: Dtoy startup [in F:\Note\Dtoy\app\Dtoy\__init__.py:30]
2016-01-11 09:59:40,134 INFO: appname is Sdqwre [in F:\Note\Dtoy\app\Dtoy\deploy\models.py:25]
2016-01-11 10:00:59,747 INFO: Dtoy startup [in F:\Note\Dtoy\app\Dtoy\__init__.py:30]
2016-01-11 10:01:08,302 INFO: appname is Vcx , title is vcx [in F:\Note\Dtoy\app\Dtoy\deploy\models.py:25]
2016-01-11 10:04:13,710 INFO: Dtoy startup [in F:\Note\Dtoy\app\Dtoy\__init__.py:30]
2016-01-11 10:04:24,263 INFO: appname is Test , title is <type 'unicode'> [in F:\Note\Dtoy\app\Dtoy\deploy\models.py:25]
2016-01-11 10:08:03,588 INFO: Manager:2@11.com add user :user@21tb.com. [in F:\Note\Dtoy\app\Dtoy\user\UserView.py:86]
2016-01-11 10:14:12,609 INFO: Dtoy startup [in F:\Note\Dtoy\app\Dtoy\__init__.py:30]
2016-01-11 10:15:15,197 INFO: Dtoy startup [in F:\Note\Dtoy\app\Dtoy\__init__.py:30]
2016-01-11 10:15:16,770 INFO: Dtoy startup [in F:\Note\Dtoy\app\Dtoy\__init__.py:30]
2016-01-11 10:15:43,503 INFO: Manager:2@11.com delete appinfo :Test. [in F:\Note\Dtoy\app\Dtoy\deploy\DeployView.py:64]
2016-01-11 10:15:46,059 INFO: Manager:2@11.com delete appinfo :Vcx. [in F:\Note\Dtoy\app\Dtoy\deploy\DeployView.py:64]
2016-01-11 10:15:48,092 INFO: Manager:2@11.com delete appinfo :Sdqwre. [in F:\Note\Dtoy\app\Dtoy\deploy\DeployView.py:64]
2016-01-11 10:15:49,803 INFO: Manager:2@11.com delete appinfo :Sfdqwe. [in F:\Note\Dtoy\app\Dtoy\deploy\DeployView.py:64]
2016-01-11 10:15:51,880 INFO: Manager:2@11.com delete appinfo :Wqe. [in F:\Note\Dtoy\app\Dtoy\deploy\DeployView.py:64]
2016-01-11 10:15:53,592 INFO: Manager:2@11.com delete appinfo :Sadadqw. [in F:\Note\Dtoy\app\Dtoy\deploy\DeployView.py:64]
2016-01-11 10:15:55,857 INFO: Manager:2@11.com delete appinfo :Qwe12. [in F:\Note\Dtoy\app\Dtoy\deploy\DeployView.py:64]
2016-01-11 10:48:53,404 INFO: Dtoy startup [in F:\Note\Dtoy\app\Dtoy\__init__.py:30]
2016-01-11 10:50:28,493 INFO: Dtoy startup [in F:\Note\Dtoy\app\Dtoy\__init__.py:30]
2016-01-11 11:05:05,901 INFO: Dtoy startup [in F:\Note\Dtoy\app\Dtoy\__init__.py:30]
2016-01-11 11:06:51,276 INFO: Dtoy startup [in F:\Note\Dtoy\app\Dtoy\__init__.py:30]
2016-01-11 11:08:24,486 INFO: Dtoy startup [in F:\Note\Dtoy\app\Dtoy\__init__.py:30]
2016-01-11 12:54:19,717 INFO: Dtoy startup [in F:\Note\Dtoy\app\Dtoy\__init__.py:30]
2016-01-11 12:55:33,536 INFO: Dtoy startup [in F:\Note\Dtoy\app\Dtoy\__init__.py:30]
2016-01-11 12:55:54,463 INFO: Dtoy startup [in F:\Note\Dtoy\app\Dtoy\__init__.py:30]
2016-01-11 13:53:44,278 INFO: Dtoy startup [in F:\Note\Dtoy\app\Dtoy\__init__.py:30]
2016-01-11 13:53:44,790 INFO: Dtoy startup [in F:\Note\Dtoy\app\Dtoy\__init__.py:30]
2016-01-11 13:53:49,763 INFO: Manager:2@11.com delete appinfo :uc. [in F:\Note\Dtoy\app\Dtoy\deploy\DeployView.py:71]
2016-01-11 13:53:51,707 INFO: Manager:2@11.com delete appinfo :Open. [in F:\Note\Dtoy\app\Dtoy\deploy\DeployView.py:71]
2016-01-11 13:53:53,641 INFO: Manager:2@11.com delete appinfo :Weqwasd. [in F:\Note\Dtoy\app\Dtoy\deploy\DeployView.py:71]
2016-01-11 14:20:33,213 INFO: Dtoy startup [in F:\Note\Dtoy\app\Dtoy\__init__.py:30]
2016-01-11 14:21:47,983 INFO: Dtoy startup [in F:\Note\Dtoy\app\Dtoy\__init__.py:30]
2016-01-11 14:28:30,447 INFO: Dtoy startup [in F:\Note\Dtoy\app\Dtoy\__init__.py:30]
2016-01-11 14:28:59,506 INFO: Dtoy startup [in F:\Note\Dtoy\app\Dtoy\__init__.py:30]
2016-01-11 14:29:27,487 INFO: Dtoy startup [in F:\Note\Dtoy\app\Dtoy\__init__.py:30]
2016-01-11 14:29:49,394 INFO: Dtoy startup [in F:\Note\Dtoy\app\Dtoy\__init__.py:30]
2016-01-11 14:30:08,266 INFO: Dtoy startup [in F:\Note\Dtoy\app\Dtoy\__init__.py:30]
2016-01-11 14:32:12,917 INFO: Dtoy startup [in F:\Note\Dtoy\app\Dtoy\__init__.py:30]
2016-01-11 14:32:32,851 INFO: Dtoy startup [in F:\Note\Dtoy\app\Dtoy\__init__.py:30]
2016-01-11 14:40:22,348 INFO: Dtoy startup [in F:\Note\Dtoy\app\Dtoy\__init__.py:30]
2016-01-11 14:47:30,075 INFO: Dtoy startup [in F:\Note\Dtoy\app\Dtoy\__init__.py:30]
2016-01-11 14:53:22,305 INFO: Dtoy startup [in F:\Note\Dtoy\app\Dtoy\__init__.py:30]
2016-01-11 16:34:32,792 INFO: Dtoy startup [in F:\Note\Dtoy\app\Dtoy\__init__.py:30]
2016-01-11 16:34:33,296 INFO: Dtoy startup [in F:\Note\Dtoy\app\Dtoy\__init__.py:30]
2016-01-11 16:36:23,928 INFO: Dtoy startup [in F:\Note\Dtoy\app\Dtoy\__init__.py:30]
2016-01-11 16:46:11,084 INFO: Dtoy startup [in F:\Note\Dtoy\app\Dtoy\__init__.py:30]
2016-01-11 16:46:11,566 INFO: Dtoy startup [in F:\Note\Dtoy\app\Dtoy\__init__.py:30]
2016-01-11 17:02:26,607 INFO: Dtoy startup [in F:\Note\Dtoy\app\Dtoy\__init__.py:72]
2016-01-11 17:02:36,405 INFO: Dtoy startup [in F:\Note\Dtoy\app\Dtoy\__init__.py:71]
2016-01-11 17:05:57,555 INFO: Dtoy startup [in F:\Note\Dtoy\app\Dtoy\__init__.py:73]
2016-01-11 17:05:58,102 INFO: Dtoy startup [in F:\Note\Dtoy\app\Dtoy\__init__.py:73]
2016-01-11 17:11:01,578 INFO: Dtoy startup [in F:\Note\Dtoy\app\Dtoy\__init__.py:73]
2016-01-11 17:12:21,729 INFO: Dtoy startup [in F:\Note\Dtoy\app\Dtoy\__init__.py:73]
2016-01-11 17:12:26,450 INFO: Dtoy startup [in F:\Note\Dtoy\app\Dtoy\__init__.py:73]
2016-01-11 17:13:46,640 INFO: Dtoy startup [in F:\Note\Dtoy\app\Dtoy\__init__.py:73]
2016-01-11 17:14:43,453 INFO: Dtoy startup [in F:\Note\Dtoy\app\Dtoy\__init__.py:73]
2016-01-11 17:16:04,789 INFO: Dtoy startup [in F:\Note\Dtoy\app\Dtoy\__init__.py:73]
2016-01-11 17:16:33,006 INFO: Dtoy startup [in F:\Note\Dtoy\app\Dtoy\__init__.py:73]
2016-01-11 17:19:22,236 INFO: Dtoy startup [in F:\Note\Dtoy\app\Dtoy\__init__.py:73]
2016-01-11 17:22:54,596 INFO: Dtoy startup [in F:\Note\Dtoy\app\Dtoy\__init__.py:73]
2016-01-11 17:22:55,502 INFO: Dtoy startup [in F:\Note\Dtoy\app\Dtoy\__init__.py:73]
2016-01-11 17:28:14,983 INFO: Dtoy startup [in F:\Note\Dtoy\app\Dtoy\__init__.py:73]
2016-01-11 17:47:31,630 INFO: Dtoy startup [in F:\Note\Dtoy\app\Dtoy\__init__.py:32]
2016-01-11 17:47:41,224 INFO: Dtoy startup [in F:\Note\Dtoy\app\Dtoy\__init__.py:32]
2016-01-11 17:47:41,730 INFO: Dtoy startup [in F:\Note\Dtoy\app\Dtoy\__init__.py:32]
2016-01-11 18:02:38,346 INFO: Dtoy startup [in F:\Note\Dtoy\app\Dtoy\__init__.py:32]
2016-01-11 18:02:38,857 INFO: Dtoy startup [in F:\Note\Dtoy\app\Dtoy\__init__.py:32]
2016-01-12 14:01:58,917 INFO: Dtoy startup [in F:\Note\Dtoy\app\Dtoy\__init__.py:36]
2016-01-12 14:01:59,525 INFO: Dtoy startup [in F:\Note\Dtoy\app\Dtoy\__init__.py:36]
2016-01-12 14:02:18,756 INFO: 127.0.0.1 use 2@11.com login. [in F:\Note\Dtoy\app\Dtoy\user\UserView.py:53]
2016-01-12 14:02:34,421 INFO: path is 此时不应有 -d。
 [in F:\Note\Dtoy\app\Dtoy\deploy\DeployView.py:34]
2016-01-12 14:02:34,421 INFO: Now path is 此时不应有 -d。 [in F:\Note\Dtoy\app\Dtoy\deploy\DeployView.py:40]
2016-01-12 14:04:28,315 INFO: Dtoy startup [in F:\Note\Dtoy\app\Dtoy\__init__.py:36]
2016-01-12 14:04:38,164 INFO: Dtoy startup [in F:\Note\Dtoy\app\Dtoy\__init__.py:36]
2016-01-12 14:15:34,960 INFO: Dtoy startup [in F:\Note\Dtoy\app\Dtoy\__init__.py:36]
2016-01-12 14:16:16,947 INFO: Dtoy startup [in F:\Note\Dtoy\app\Dtoy\__init__.py:36]
2016-01-12 14:16:17,506 INFO: Dtoy startup [in F:\Note\Dtoy\app\Dtoy\__init__.py:36]
2016-01-12 14:17:16,382 INFO: Dtoy startup [in F:\Note\Dtoy\app\Dtoy\__init__.py:36]
2016-01-12 14:17:36,453 INFO: Dtoy startup [in F:\Note\Dtoy\app\Dtoy\__init__.py:36]
2016-01-12 14:17:39,147 INFO: Dtoy startup [in F:\Note\Dtoy\app\Dtoy\__init__.py:36]
2016-01-12 14:18:04,273 INFO: Dtoy startup [in F:\Note\Dtoy\app\Dtoy\__init__.py:36]
2016-01-12 14:18:55,884 INFO: Dtoy startup [in F:\Note\Dtoy\app\Dtoy\__init__.py:36]
2016-01-12 14:19:22,020 INFO: Dtoy startup [in F:\Note\Dtoy\app\Dtoy\__init__.py:36]
2016-01-12 14:23:10,246 INFO: Dtoy startup [in F:\Note\Dtoy\app\Dtoy\__init__.py:36]
2016-01-12 14:23:27,230 INFO: Dtoy startup [in F:\Note\Dtoy\app\Dtoy\__init__.py:36]
2016-01-12 14:24:28,013 INFO: Dtoy startup [in F:\Note\Dtoy\app\Dtoy\__init__.py:36]
2016-01-12 14:24:58,283 INFO: Dtoy startup [in F:\Note\Dtoy\app\Dtoy\__init__.py:36]
2016-01-12 14:25:27,561 INFO: Dtoy startup [in F:\Note\Dtoy\app\Dtoy\__init__.py:36]
2016-01-12 14:25:42,492 INFO: Dtoy startup [in F:\Note\Dtoy\app\Dtoy\__init__.py:36]
2016-01-12 15:14:20,227 INFO: Dtoy startup [in F:\Note\Dtoy\app\Dtoy\__init__.py:36]
2016-01-12 15:14:20,878 INFO: Dtoy startup [in F:\Note\Dtoy\app\Dtoy\__init__.py:36]
2016-01-12 15:52:38,210 INFO: Dtoy startup [in F:\Note\Dtoy\app\Dtoy\__init__.py:36]
2016-01-12 15:52:59,236 INFO: Dtoy startup [in F:\Note\Dtoy\app\Dtoy\__init__.py:36]
2016-01-12 16:01:23,085 INFO: Dtoy startup [in F:\Note\Dtoy\app\Dtoy\__init__.py:36]
2016-01-12 16:02:51,463 INFO: Dtoy startup [in F:\Note\Dtoy\app\Dtoy\__init__.py:36]
2016-01-12 16:03:15,569 INFO: Dtoy startup [in F:\Note\Dtoy\app\Dtoy\__init__.py:36]
2016-01-12 16:04:54,591 INFO: Dtoy startup [in F:\Note\Dtoy\app\Dtoy\__init__.py:36]
2016-01-12 16:05:52,367 INFO: Dtoy startup [in F:\Note\Dtoy\app\Dtoy\__init__.py:36]
2016-01-12 16:05:57,016 INFO: Now path is 此时不应有 -d。 [in F:\Note\Dtoy\app\Dtoy\deploy\routes.py:58]
2016-01-12 16:06:32,789 INFO: Dtoy startup [in F:\Note\Dtoy\app\Dtoy\__init__.py:36]
2016-01-12 16:07:22,450 INFO: Dtoy startup [in F:\Note\Dtoy\app\Dtoy\__init__.py:36]
2016-01-12 16:07:28,786 INFO: Now path is 此时不应有 -d。 [in F:\Note\Dtoy\app\Dtoy\deploy\routes.py:58]
2016-01-12 16:08:48,798 INFO: Dtoy startup [in F:\Note\Dtoy\app\Dtoy\__init__.py:36]
2016-01-12 16:09:00,657 INFO: Dtoy startup [in F:\Note\Dtoy\app\Dtoy\__init__.py:36]
2016-01-12 16:11:07,345 INFO: Dtoy startup [in F:\Note\Dtoy\app\Dtoy\__init__.py:36]
2016-01-12 16:11:07,901 INFO: Dtoy startup [in F:\Note\Dtoy\app\Dtoy\__init__.py:36]
2016-01-12 16:13:58,029 INFO: Dtoy startup [in F:\Note\Dtoy\app\Dtoy\__init__.py:36]
2016-01-12 16:14:37,430 INFO: Dtoy startup [in F:\Note\Dtoy\app\Dtoy\__init__.py:36]
2016-01-12 16:24:38,273 INFO: Dtoy startup [in F:\Note\Dtoy\app\Dtoy\__init__.py:36]
2016-01-12 16:27:14,976 INFO: Dtoy startup [in F:\Note\Dtoy\app\Dtoy\__init__.py:36]
2016-01-12 16:27:28,562 INFO: Dtoy startup [in F:\Note\Dtoy\app\Dtoy\__init__.py:36]
2016-01-12 16:32:23,529 INFO: Dtoy startup [in F:\Note\Dtoy\app\Dtoy\__init__.py:36]
2016-01-12 16:34:38,535 INFO: Dtoy startup [in F:\Note\Dtoy\app\Dtoy\__init__.py:36]
2016-01-12 16:35:27,167 INFO: Dtoy startup [in F:\Note\Dtoy\app\Dtoy\__init__.py:36]
2016-01-12 16:35:44,121 INFO: Dtoy startup [in F:\Note\Dtoy\app\Dtoy\__init__.py:36]
2016-01-12 16:36:52,151 INFO: Dtoy startup [in F:\Note\Dtoy\app\Dtoy\__init__.py:36]
2016-01-12 16:37:34,598 INFO: Dtoy startup [in F:\Note\Dtoy\app\Dtoy\__init__.py:36]
2016-01-12 16:38:38,450 INFO: Dtoy startup [in F:\Note\Dtoy\app\Dtoy\__init__.py:36]
2016-01-12 16:39:49,487 INFO: Dtoy startup [in F:\Note\Dtoy\app\Dtoy\__init__.py:38]
2016-01-12 16:40:21,747 INFO: Dtoy startup [in F:\Note\Dtoy\app\Dtoy\__init__.py:38]
2016-01-12 16:42:27,882 INFO: Dtoy startup [in F:\Note\Dtoy\app\Dtoy\__init__.py:38]
2016-01-12 16:43:15,480 INFO: Dtoy startup [in F:\Note\Dtoy\app\Dtoy\__init__.py:38]
2016-01-12 16:44:24,832 INFO: Dtoy startup [in F:\Note\Dtoy\app\Dtoy\__init__.py:38]
2016-01-12 16:44:25,404 INFO: Dtoy startup [in F:\Note\Dtoy\app\Dtoy\__init__.py:38]
2016-01-12 16:45:38,516 INFO: Dtoy startup [in F:\Note\Dtoy\app\Dtoy\__init__.py:38]
2016-01-12 16:46:53,599 INFO: Dtoy startup [in F:\Note\Dtoy\app\Dtoy\__init__.py:38]
2016-01-12 16:47:19,717 INFO: Dtoy startup [in F:\Note\Dtoy\app\Dtoy\__init__.py:38]
2016-01-12 17:07:31,428 INFO: Dtoy startup [in F:\Note\Dtoy\app\Dtoy\__init__.py:38]
2016-01-12 17:07:32,029 INFO: Dtoy startup [in F:\Note\Dtoy\app\Dtoy\__init__.py:38]
2016-01-12 17:09:01,394 INFO: Dtoy startup [in F:\Note\Dtoy\app\Dtoy\__init__.py:38]
2016-01-12 17:11:52,397 INFO: Dtoy startup [in F:\Note\Dtoy\app\Dtoy\__init__.py:38]
2016-01-12 17:12:03,335 INFO: Dtoy startup [in F:\Note\Dtoy\app\Dtoy\__init__.py:38]
2016-01-12 17:12:03,908 INFO: Dtoy startup [in F:\Note\Dtoy\app\Dtoy\__init__.py:38]
2016-01-12 17:22:03,029 INFO: Dtoy startup [in F:\Note\Dtoy\app\Dtoy\__init__.py:38]
2016-01-12 17:51:02,878 INFO: Dtoy startup [in F:\Note\Dtoy\app\Dtoy\__init__.py:38]
2016-01-12 17:51:15,786 INFO: Dtoy startup [in F:\Note\Dtoy\app\Dtoy\__init__.py:38]
2016-01-12 17:52:18,698 INFO: now data [in F:\Note\Dtoy\app\Dtoy\deploy\routes.py:36]
2016-01-12 17:52:23,698 INFO: now end [in F:\Note\Dtoy\app\Dtoy\deploy\routes.py:46]
2016-01-12 17:53:58,420 INFO: now data [in F:\Note\Dtoy\app\Dtoy\deploy\routes.py:36]
2016-01-12 17:54:03,421 INFO: now end [in F:\Note\Dtoy\app\Dtoy\deploy\routes.py:46]
2016-01-12 17:54:04,667 INFO: now data [in F:\Note\Dtoy\app\Dtoy\deploy\routes.py:36]
2016-01-12 17:54:09,667 INFO: now end [in F:\Note\Dtoy\app\Dtoy\deploy\routes.py:46]
2016-01-12 17:54:20,930 INFO: now data [in F:\Note\Dtoy\app\Dtoy\deploy\routes.py:36]
2016-01-12 17:54:25,931 INFO: now end [in F:\Note\Dtoy\app\Dtoy\deploy\routes.py:46]
2016-01-12 17:54:31,645 INFO: now data [in F:\Note\Dtoy\app\Dtoy\deploy\routes.py:36]
2016-01-12 17:54:36,648 INFO: now end [in F:\Note\Dtoy\app\Dtoy\deploy\routes.py:46]
2016-01-12 17:54:40,178 INFO: now data [in F:\Note\Dtoy\app\Dtoy\deploy\routes.py:36]
2016-01-12 17:54:45,184 INFO: now end [in F:\Note\Dtoy\app\Dtoy\deploy\routes.py:46]
2016-01-12 17:58:17,109 INFO: now data [in F:\Note\Dtoy\app\Dtoy\deploy\routes.py:36]
2016-01-12 17:58:22,109 INFO: now end [in F:\Note\Dtoy\app\Dtoy\deploy\routes.py:46]
2016-01-12 17:58:25,963 INFO: now data [in F:\Note\Dtoy\app\Dtoy\deploy\routes.py:36]
2016-01-12 17:58:30,963 INFO: now end [in F:\Note\Dtoy\app\Dtoy\deploy\routes.py:46]
2016-01-12 17:58:39,588 INFO: Dtoy startup [in F:\Note\Dtoy\app\Dtoy\__init__.py:38]
2016-01-12 18:02:14,710 INFO: Dtoy startup [in F:\Note\Dtoy\app\Dtoy\__init__.py:38]
2016-01-12 18:03:40,036 INFO: Dtoy startup [in F:\Note\Dtoy\app\Dtoy\__init__.py:38]
2016-01-12 18:04:42,398 INFO: Dtoy startup [in F:\Note\Dtoy\app\Dtoy\__init__.py:38]
2016-01-12 18:04:46,714 INFO: now data [in F:\Note\Dtoy\app\Dtoy\deploy\routes.py:59]
2016-01-12 18:04:51,714 INFO: now end [in F:\Note\Dtoy\app\Dtoy\deploy\routes.py:69]
2016-01-12 18:05:02,690 INFO: now data [in F:\Note\Dtoy\app\Dtoy\deploy\routes.py:59]
2016-01-12 18:05:07,691 INFO: now end [in F:\Note\Dtoy\app\Dtoy\deploy\routes.py:69]
2016-01-12 18:08:53,137 INFO: Dtoy startup [in F:\Note\Dtoy\app\Dtoy\__init__.py:38]
2016-01-12 18:09:01,974 INFO: Dtoy startup [in F:\Note\Dtoy\app\Dtoy\__init__.py:38]
2016-01-12 18:10:01,792 INFO: Dtoy startup [in F:\Note\Dtoy\app\Dtoy\__init__.py:38]
2016-01-12 18:10:36,457 INFO: now data [in F:\Note\Dtoy\app\Dtoy\deploy\routes.py:60]
2016-01-12 18:10:41,459 INFO: now end [in F:\Note\Dtoy\app\Dtoy\deploy\routes.py:70]
2016-01-12 18:10:48,928 INFO: now data [in F:\Note\Dtoy\app\Dtoy\deploy\routes.py:60]
2016-01-12 18:10:53,928 INFO: now end [in F:\Note\Dtoy\app\Dtoy\deploy\routes.py:70]
2016-01-12 18:12:35,627 INFO: Dtoy startup [in F:\Note\Dtoy\app\Dtoy\__init__.py:38]
2016-01-12 18:13:19,237 INFO: Dtoy startup [in F:\Note\Dtoy\app\Dtoy\__init__.py:38]
2016-01-12 18:13:31,141 INFO: Dtoy startup [in F:\Note\Dtoy\app\Dtoy\__init__.py:38]
2016-01-12 18:13:34,033 INFO: now data [in F:\Note\Dtoy\app\Dtoy\deploy\routes.py:68]
2016-01-12 18:13:39,033 INFO: now end [in F:\Note\Dtoy\app\Dtoy\deploy\routes.py:78]
2016-01-12 18:13:58,611 INFO: now data [in F:\Note\Dtoy\app\Dtoy\deploy\routes.py:68]
2016-01-12 18:14:03,611 INFO: now end [in F:\Note\Dtoy\app\Dtoy\deploy\routes.py:78]
2016-01-12 18:14:38,131 INFO: Dtoy startup [in F:\Note\Dtoy\app\Dtoy\__init__.py:38]
2016-01-12 18:15:56,368 INFO: Dtoy startup [in F:\Note\Dtoy\app\Dtoy\__init__.py:39]
2016-01-12 18:16:00,289 INFO: now data [in F:\Note\Dtoy\app\Dtoy\deploy\routes.py:68]
2016-01-12 18:16:05,289 INFO: now end [in F:\Note\Dtoy\app\Dtoy\deploy\routes.py:78]
2016-01-12 18:16:23,081 INFO: now data [in F:\Note\Dtoy\app\Dtoy\deploy\routes.py:68]
2016-01-12 18:16:28,082 INFO: now end [in F:\Note\Dtoy\app\Dtoy\deploy\routes.py:78]
2016-01-12 18:17:12,885 INFO: Dtoy startup [in F:\Note\Dtoy\app\Dtoy\__init__.py:39]
2016-01-12 18:17:55,619 INFO: Dtoy startup [in F:\Note\Dtoy\app\Dtoy\__init__.py:39]
2016-01-12 18:17:56,230 INFO: Dtoy startup [in F:\Note\Dtoy\app\Dtoy\__init__.py:39]
2016-01-12 18:18:00,803 INFO: now data [in F:\Note\Dtoy\app\Dtoy\deploy\routes.py:41]
2016-01-12 18:18:05,805 INFO: now end [in F:\Note\Dtoy\app\Dtoy\deploy\routes.py:51]
2016-01-12 18:23:06,012 INFO: Dtoy startup [in F:\Note\Dtoy\app\Dtoy\__init__.py:39]
2016-01-12 18:23:08,717 INFO: Dtoy startup [in F:\Note\Dtoy\app\Dtoy\__init__.py:39]
2016-01-12 18:27:35,594 INFO: Dtoy startup [in F:\Note\Dtoy\app\Dtoy\__init__.py:39]
2016-01-12 18:27:48,474 INFO: Dtoy startup [in F:\Note\Dtoy\app\Dtoy\__init__.py:39]
2016-01-12 18:32:29,539 INFO: Dtoy startup [in F:\Note\Dtoy\app\Dtoy\__init__.py:39]
2016-01-12 18:35:46,719 INFO: Manager:2@11.com delete user :2@11.com. [in F:\Note\Dtoy\app\Dtoy\user\UserView.py:106]
2016-01-12 18:36:55,852 INFO: 127.0.0.1 use 4@11.com login. [in F:\Note\Dtoy\app\Dtoy\user\UserView.py:53]
2016-01-12 18:37:00,585 INFO: Manager:4@11.com delete user :濂@11.com. [in F:\Note\Dtoy\app\Dtoy\user\UserView.py:106]
2016-01-12 18:37:17,928 INFO: Manager:4@11.com add user :wangle@21tb.com. [in F:\Note\Dtoy\app\Dtoy\user\UserView.py:86]
2016-01-12 18:37:34,760 INFO: Manager:4@11.com add user :tantianyu@21tb.com. [in F:\Note\Dtoy\app\Dtoy\user\UserView.py:86]
2016-01-12 18:37:37,930 INFO: Manager:4@11.com delete user :4@11.com. [in F:\Note\Dtoy\app\Dtoy\user\UserView.py:106]
2016-01-12 18:37:43,174 INFO: 127.0.0.1 use wangle@21tb.com login. [in F:\Note\Dtoy\app\Dtoy\user\UserView.py:53]
2016-01-12 18:37:46,746 INFO: Manager:wangle@21tb.com delete user :user@21tb.com. [in F:\Note\Dtoy\app\Dtoy\user\UserView.py:106]
2016-01-12 18:37:48,917 INFO: Manager:wangle@21tb.com delete user :cap@11.com. [in F:\Note\Dtoy\app\Dtoy\user\UserView.py:106]
2016-01-12 18:39:01,660 INFO: Dtoy startup [in F:\Note\Dtoy\app\Dtoy\__init__.py:39]
2016-01-12 18:39:41,068 INFO: Dtoy startup [in F:\Note\Dtoy\app\Dtoy\__init__.py:39]
2016-01-12 18:39:41,647 INFO: Dtoy startup [in F:\Note\Dtoy\app\Dtoy\__init__.py:39]
2016-01-12 18:39:59,678 INFO: Dtoy startup [in F:\Note\Dtoy\app\Dtoy\__init__.py:39]
2016-01-12 18:40:13,588 INFO: Dtoy startup [in F:\Note\Dtoy\app\Dtoy\__init__.py:39]
2016-01-12 18:40:21,394 INFO: Dtoy startup [in F:\Note\Dtoy\app\Dtoy\__init__.py:39]
2016-01-12 18:40:37,332 INFO: Dtoy startup [in F:\Note\Dtoy\app\Dtoy\__init__.py:39]
2016-01-12 18:40:55,976 INFO: Dtoy startup [in F:\Note\Dtoy\app\Dtoy\__init__.py:39]
2016-01-12 18:40:56,545 INFO: Dtoy startup [in F:\Note\Dtoy\app\Dtoy\__init__.py:39]
2016-01-12 18:41:52,361 INFO: Dtoy startup [in F:\Note\Dtoy\app\Dtoy\__init__.py:39]
2016-01-12 18:44:05,651 INFO: Dtoy startup [in F:\Note\Dtoy\app\Dtoy\__init__.py:39]
2016-01-12 18:45:31,933 INFO: Dtoy startup [in F:\Note\Dtoy\app\Dtoy\__init__.py:39]
2016-01-12 18:48:58,463 INFO: Dtoy startup [in F:\Note\Dtoy\app\Dtoy\__init__.py:39]
2016-01-13 17:16:09,279 INFO: Dtoy startup [in F:\Note\Dtoy\app\Dtoy\__init__.py:39]
2016-01-13 17:16:09,957 INFO: Dtoy startup [in F:\Note\Dtoy\app\Dtoy\__init__.py:39]
2016-01-13 17:16:36,398 INFO: Dtoy startup [in F:\Note\Dtoy\app\Dtoy\__init__.py:39]
2016-01-13 17:19:59,596 INFO: Dtoy startup [in F:\Note\Dtoy\app\Dtoy\__init__.py:39]
2016-01-13 17:20:15,826 INFO: Dtoy startup [in F:\Note\Dtoy\app\Dtoy\__init__.py:39]
2016-01-13 17:21:43,265 INFO: Dtoy startup [in F:\Note\Dtoy\app\Dtoy\__init__.py:39]
2016-01-13 17:21:50,977 INFO: Dtoy startup [in F:\Note\Dtoy\app\Dtoy\__init__.py:39]
2016-01-13 17:29:07,411 INFO: 127.0.0.1 use wangle@21tb.com login. [in F:\Note\Dtoy\app\Dtoy\user\UserView.py:53]
2016-01-14 15:25:35,168 INFO: Dtoy startup [in F:\Note\Dtoy\app\Dtoy\__init__.py:39]
2016-01-14 15:25:35,944 INFO: Dtoy startup [in F:\Note\Dtoy\app\Dtoy\__init__.py:39]
2016-01-14 15:25:52,221 INFO: 127.0.0.1 use wangle@21tb.com login. [in F:\Note\Dtoy\app\Dtoy\user\UserView.py:53]
2016-01-14 15:29:33,207 INFO: Dtoy startup [in F:\Note\Dtoy\app\Dtoy\__init__.py:39]
2016-01-14 15:29:33,813 INFO: Dtoy startup [in F:\Note\Dtoy\app\Dtoy\__init__.py:39]
2016-01-14 15:32:44,463 INFO: Dtoy startup [in F:\Note\Dtoy\app\Dtoy\__init__.py:39]
2016-01-14 15:35:11,763 INFO: Dtoy startup [in F:\Note\Dtoy\app\Dtoy\__init__.py:39]
2016-01-14 15:35:12,407 INFO: Dtoy startup [in F:\Note\Dtoy\app\Dtoy\__init__.py:39]
2016-01-14 15:36:29,529 INFO: Dtoy startup [in F:\Note\Dtoy\app\Dtoy\__init__.py:39]
2016-01-14 15:37:00,872 INFO: Dtoy startup [in F:\Note\Dtoy\app\Dtoy\__init__.py:39]
2016-01-14 15:37:57,635 INFO: Dtoy startup [in F:\Note\Dtoy\app\Dtoy\__init__.py:39]
2016-01-14 15:39:01,483 INFO: Dtoy startup [in F:\Note\Dtoy\app\Dtoy\__init__.py:39]
2016-01-14 15:45:05,111 INFO: Dtoy startup [in F:\Note\Dtoy\app\Dtoy\__init__.py:39]
2016-01-14 15:45:46,526 INFO: Dtoy startup [in F:\Note\Dtoy\app\Dtoy\__init__.py:39]
2016-01-14 15:45:55,319 INFO: Dtoy startup [in F:\Note\Dtoy\app\Dtoy\__init__.py:39]
2016-01-14 16:04:24,783 INFO: Manager:wangle@21tb.com add user :user@21tb.com. [in F:\Note\Dtoy\app\Dtoy\user\UserView.py:86]
2016-01-14 16:04:31,392 INFO: 127.0.0.1 use user@21tb.com login. [in F:\Note\Dtoy\app\Dtoy\user\UserView.py:53]
2016-01-14 16:08:34,905 INFO: Dtoy startup [in F:\Note\Dtoy\app\Dtoy\__init__.py:39]
2016-01-14 16:08:57,973 INFO: Dtoy startup [in F:\Note\Dtoy\app\Dtoy\__init__.py:39]
2016-01-14 16:16:10,026 INFO: Dtoy startup [in F:\Note\Dtoy\app\Dtoy\__init__.py:39]
2016-01-14 16:17:06,848 INFO: Dtoy startup [in F:\Note\Dtoy\app\Dtoy\__init__.py:39]
2016-01-14 16:17:14,625 INFO: Dtoy startup [in F:\Note\Dtoy\app\Dtoy\__init__.py:39]
2016-01-14 16:18:11,384 INFO: Dtoy startup [in F:\Note\Dtoy\app\Dtoy\__init__.py:39]
2016-01-14 16:18:33,582 INFO: Dtoy startup [in F:\Note\Dtoy\app\Dtoy\__init__.py:39]
2016-01-14 16:33:59,936 INFO: Dtoy startup [in F:\Note\Dtoy\app\Dtoy\__init__.py:39]
2016-01-14 16:34:47,480 INFO: Dtoy startup [in F:\Note\Dtoy\app\Dtoy\__init__.py:39]
2016-01-14 16:34:48,046 INFO: Dtoy startup [in F:\Note\Dtoy\app\Dtoy\__init__.py:39]
2016-01-14 16:39:33,431 INFO: Dtoy startup [in F:\Note\Dtoy\app\Dtoy\__init__.py:39]
2016-01-14 16:46:08,403 INFO: Dtoy startup [in F:\Note\Dtoy\app\Dtoy\__init__.py:39]
2016-01-14 16:54:24,279 INFO: Dtoy startup [in F:\Note\Dtoy\app\Dtoy\__init__.py:39]
2016-01-14 16:54:35,042 INFO: 127.0.0.1 use wangle@21tb.com login. [in F:\Note\Dtoy\app\Dtoy\user\UserView.py:73]
2016-01-14 16:56:43,563 INFO: Dtoy startup [in F:\Note\Dtoy\app\Dtoy\__init__.py:39]
2016-01-14 16:57:55,536 INFO: Dtoy startup [in F:\Note\Dtoy\app\Dtoy\__init__.py:39]
2016-01-14 16:58:07,369 INFO: Dtoy startup [in F:\Note\Dtoy\app\Dtoy\__init__.py:39]
2016-01-14 16:58:29,398 INFO: Dtoy startup [in F:\Note\Dtoy\app\Dtoy\__init__.py:39]
2016-01-14 16:58:41,233 INFO: Dtoy startup [in F:\Note\Dtoy\app\Dtoy\__init__.py:39]
2016-01-14 16:58:56,219 INFO: Dtoy startup [in F:\Note\Dtoy\app\Dtoy\__init__.py:39]
2016-01-14 16:59:07,052 INFO: Dtoy startup [in F:\Note\Dtoy\app\Dtoy\__init__.py:39]
2016-01-14 16:59:25,043 INFO: Dtoy startup [in F:\Note\Dtoy\app\Dtoy\__init__.py:39]
2016-01-14 17:00:23,839 INFO: Dtoy startup [in F:\Note\Dtoy\app\Dtoy\__init__.py:39]
2016-01-14 17:01:46,467 INFO: Dtoy startup [in F:\Note\Dtoy\app\Dtoy\__init__.py:39]
2016-01-14 17:01:54,253 INFO: Dtoy startup [in F:\Note\Dtoy\app\Dtoy\__init__.py:39]
2016-01-14 17:02:08,131 INFO: Dtoy startup [in F:\Note\Dtoy\app\Dtoy\__init__.py:39]
2016-01-14 17:02:38,299 INFO: Dtoy startup [in F:\Note\Dtoy\app\Dtoy\__init__.py:39]
2016-01-14 17:02:46,075 INFO: Dtoy startup [in F:\Note\Dtoy\app\Dtoy\__init__.py:39]
2016-01-14 17:05:13,683 INFO: Dtoy startup [in F:\Note\Dtoy\app\Dtoy\__init__.py:39]
2016-01-14 17:06:17,737 INFO: Dtoy startup [in F:\Note\Dtoy\app\Dtoy\__init__.py:39]
2016-01-14 17:06:18,296 INFO: Dtoy startup [in F:\Note\Dtoy\app\Dtoy\__init__.py:39]
2016-01-14 17:06:33,211 INFO: Dtoy startup [in F:\Note\Dtoy\app\Dtoy\__init__.py:39]
2016-01-14 17:07:43,240 INFO: Dtoy startup [in F:\Note\Dtoy\app\Dtoy\__init__.py:39]
2016-01-14 17:07:51,026 INFO: Dtoy startup [in F:\Note\Dtoy\app\Dtoy\__init__.py:39]
2016-01-14 17:08:26,091 INFO: 127.0.0.1 use user@21tb.com login. [in F:\Note\Dtoy\app\Dtoy\user\UserView.py:76]
2016-01-14 17:08:41,951 INFO: Dtoy startup [in F:\Note\Dtoy\app\Dtoy\__init__.py:39]
2016-01-14 17:24:40,174 INFO: Dtoy startup [in F:\Note\Dtoy\app\Dtoy\__init__.py:39]
2016-01-14 17:25:26,663 INFO: Dtoy startup [in F:\Note\Dtoy\app\Dtoy\__init__.py:39]
2016-01-14 17:29:12,678 INFO: Dtoy startup [in F:\Note\Dtoy\app\Dtoy\__init__.py:39]
2016-01-15 10:38:53,404 INFO: Dtoy startup [in F:\Note\Dtoy\app\Dtoy\__init__.py:39]
2016-01-15 10:38:54,049 INFO: Dtoy startup [in F:\Note\Dtoy\app\Dtoy\__init__.py:39]
2016-01-15 11:16:37,992 INFO: 127.0.0.1 use wangle@21tb.com login. [in F:\Note\Dtoy\app\Dtoy\user\UserView.py:76]
2016-01-15 14:08:30,795 INFO: Dtoy startup [in F:\Note\Dtoy\app\Dtoy\__init__.py:39]
2016-01-15 14:08:31,408 INFO: Dtoy startup [in F:\Note\Dtoy\app\Dtoy\__init__.py:39]
2016-01-15 14:14:09,911 INFO: Dtoy startup [in F:\Note\Dtoy\app\Dtoy\__init__.py:39]
2016-01-15 14:14:24,910 INFO: Dtoy startup [in F:\Note\Dtoy\app\Dtoy\__init__.py:39]
2016-01-15 14:14:30,697 INFO: Dtoy startup [in F:\Note\Dtoy\app\Dtoy\__init__.py:39]
2016-01-15 14:15:07,200 INFO: Dtoy startup [in F:\Note\Dtoy\app\Dtoy\__init__.py:39]
2016-01-15 14:19:01,354 INFO: Dtoy startup [in F:\Note\Dtoy\app\Dtoy\__init__.py:39]
2016-01-15 14:19:15,364 INFO: Dtoy startup [in F:\Note\Dtoy\app\Dtoy\__init__.py:39]
2016-01-15 14:19:21,191 INFO: Dtoy startup [in F:\Note\Dtoy\app\Dtoy\__init__.py:39]
2016-01-15 14:19:34,345 INFO: Dtoy startup [in F:\Note\Dtoy\app\Dtoy\__init__.py:39]
2016-01-15 14:37:29,296 INFO: Dtoy startup [in F:\Note\Dtoy\app\Dtoy\__init__.py:39]
2016-01-15 14:42:04,608 INFO: Dtoy startup [in F:\Note\Dtoy\app\Dtoy\__init__.py:39]
2016-01-15 14:45:01,822 INFO: Dtoy startup [in F:\Note\Dtoy\app\Dtoy\__init__.py:39]
2016-01-15 14:45:51,467 INFO: Dtoy startup [in F:\Note\Dtoy\app\Dtoy\__init__.py:39]
2016-01-15 14:49:43,654 INFO: Dtoy startup [in F:\Note\Dtoy\app\Dtoy\__init__.py:39]
2016-01-15 14:49:46,381 INFO: Dtoy startup [in F:\Note\Dtoy\app\Dtoy\__init__.py:39]
2016-01-15 14:50:48,224 INFO: Dtoy startup [in F:\Note\Dtoy\app\Dtoy\__init__.py:39]
2016-01-15 14:51:48,125 INFO: Dtoy startup [in F:\Note\Dtoy\app\Dtoy\__init__.py:39]
2016-01-15 14:53:19,832 INFO: Dtoy startup [in F:\Note\Dtoy\app\Dtoy\__init__.py:39]
2016-01-15 14:54:26,269 INFO: Dtoy startup [in F:\Note\Dtoy\app\Dtoy\__init__.py:39]
2016-01-15 14:54:26,826 INFO: Dtoy startup [in F:\Note\Dtoy\app\Dtoy\__init__.py:39]
2016-01-15 14:57:08,713 INFO: Dtoy startup [in F:\Note\Dtoy\app\Dtoy\__init__.py:39]
2016-01-15 15:09:28,213 INFO: Dtoy startup [in F:\Note\Dtoy\app\Dtoy\__init__.py:39]
2016-01-15 15:10:06,924 INFO: Dtoy startup [in F:\Note\Dtoy\app\Dtoy\__init__.py:39]
2016-01-15 15:13:23,756 INFO: Dtoy startup [in F:\Note\Dtoy\app\Dtoy\__init__.py:39]
2016-01-15 15:13:24,321 INFO: Dtoy startup [in F:\Note\Dtoy\app\Dtoy\__init__.py:39]
2016-01-15 15:13:30,072 INFO: Dtoy startup [in F:\Note\Dtoy\app\Dtoy\__init__.py:39]
2016-01-15 15:14:36,979 INFO: Dtoy startup [in F:\Note\Dtoy\app\Dtoy\__init__.py:39]
2016-01-15 15:14:40,690 INFO: Dtoy startup [in F:\Note\Dtoy\app\Dtoy\__init__.py:39]
2016-01-15 15:15:39,503 INFO: Dtoy startup [in F:\Note\Dtoy\app\Dtoy\__init__.py:39]
2016-01-15 15:15:51,362 INFO: Dtoy startup [in F:\Note\Dtoy\app\Dtoy\__init__.py:39]
2016-01-15 15:16:24,670 INFO: Dtoy startup [in F:\Note\Dtoy\app\Dtoy\__init__.py:39]
2016-01-15 15:16:30,423 INFO: Dtoy startup [in F:\Note\Dtoy\app\Dtoy\__init__.py:39]
2016-01-15 15:16:40,239 INFO: Dtoy startup [in F:\Note\Dtoy\app\Dtoy\__init__.py:39]
2016-01-15 15:16:58,194 INFO: Dtoy startup [in F:\Note\Dtoy\app\Dtoy\__init__.py:39]
2016-01-15 15:17:02,914 INFO: Dtoy startup [in F:\Note\Dtoy\app\Dtoy\__init__.py:39]
2016-01-15 15:17:34,148 INFO: Dtoy startup [in F:\Note\Dtoy\app\Dtoy\__init__.py:39]
2016-01-15 15:17:41,230 INFO: Dtoy startup [in F:\Note\Dtoy\app\Dtoy\__init__.py:39]
2016-01-15 15:26:22,890 INFO: Dtoy startup [in F:\Note\Dtoy\app\Dtoy\__init__.py:39]
2016-01-15 15:26:34,746 INFO: Dtoy startup [in F:\Note\Dtoy\app\Dtoy\__init__.py:39]
2016-01-15 15:26:57,825 INFO: Dtoy startup [in F:\Note\Dtoy\app\Dtoy\__init__.py:39]
2016-01-15 15:31:53,213 INFO: Dtoy startup [in F:\Note\Dtoy\app\Dtoy\__init__.py:39]
2016-01-15 15:32:36,877 INFO: Dtoy startup [in F:\Note\Dtoy\app\Dtoy\__init__.py:39]
2016-01-15 15:33:19,892 INFO: Dtoy startup [in F:\Note\Dtoy\app\Dtoy\__init__.py:39]
2016-01-15 15:33:20,443 INFO: Dtoy startup [in F:\Note\Dtoy\app\Dtoy\__init__.py:39]
2016-01-15 15:38:45,275 INFO: Dtoy startup [in F:\Note\Dtoy\app\Dtoy\__init__.py:39]
2016-01-15 15:39:05,341 INFO: Dtoy startup [in F:\Note\Dtoy\app\Dtoy\__init__.py:39]
2016-01-15 15:39:30,486 INFO: Dtoy startup [in F:\Note\Dtoy\app\Dtoy\__init__.py:39]
2016-01-15 15:43:13,381 INFO: Dtoy startup [in F:\Note\Dtoy\app\Dtoy\__init__.py:39]
2016-01-15 15:50:46,920 INFO: Dtoy startup [in F:\Note\Dtoy\app\Dtoy\__init__.py:39]
2016-01-15 15:50:51,644 INFO: Dtoy startup [in F:\Note\Dtoy\app\Dtoy\__init__.py:39]
2016-01-15 15:51:43,263 INFO: Dtoy startup [in F:\Note\Dtoy\app\Dtoy\__init__.py:39]
2016-01-15 15:52:07,572 INFO: Dtoy startup [in F:\Note\Dtoy\app\Dtoy\__init__.py:39]
2016-01-15 15:52:34,749 INFO: Dtoy startup [in F:\Note\Dtoy\app\Dtoy\__init__.py:39]
2016-01-15 15:52:44,569 INFO: Dtoy startup [in F:\Note\Dtoy\app\Dtoy\__init__.py:39]
2016-01-15 15:53:40,290 INFO: Dtoy startup [in F:\Note\Dtoy\app\Dtoy\__init__.py:39]
2016-01-15 15:53:57,608 INFO: Dtoy startup [in F:\Note\Dtoy\app\Dtoy\__init__.py:39]
2016-01-15 15:59:50,473 INFO: Dtoy startup [in F:\Note\Dtoy\app\Dtoy\__init__.py:39]
2016-01-15 16:01:40,203 INFO: Dtoy startup [in F:\Note\Dtoy\app\Dtoy\__init__.py:39]
2016-01-15 16:08:16,622 INFO: Dtoy startup [in F:\Note\Dtoy\app\Dtoy\__init__.py:39]
2016-01-15 16:16:59,227 INFO: Dtoy startup [in F:\Note\Dtoy\app\Dtoy\__init__.py:39]
2016-01-15 16:18:25,542 INFO: Dtoy startup [in F:\Note\Dtoy\app\Dtoy\__init__.py:39]
2016-01-15 16:18:48,607 INFO: Dtoy startup [in F:\Note\Dtoy\app\Dtoy\__init__.py:39]
2016-01-15 16:19:09,700 INFO: Dtoy startup [in F:\Note\Dtoy\app\Dtoy\__init__.py:39]
2016-01-15 16:20:14,625 INFO: Dtoy startup [in F:\Note\Dtoy\app\Dtoy\__init__.py:39]
2016-01-15 16:21:31,740 INFO: Dtoy startup [in F:\Note\Dtoy\app\Dtoy\__init__.py:39]
2016-01-18 09:16:23,142 INFO: Dtoy startup [in F:\Note\Dtoy\app\Dtoy\__init__.py:39]
2016-01-18 09:16:23,778 INFO: Dtoy startup [in F:\Note\Dtoy\app\Dtoy\__init__.py:39]
2016-01-18 09:17:12,325 INFO: 127.0.0.1 use wangle@21tb.com login. [in F:\Note\Dtoy\app\Dtoy\user\UserView.py:76]
2016-01-18 09:18:38,969 INFO: Dtoy startup [in F:\Note\Dtoy\app\Dtoy\__init__.py:39]
2016-01-18 09:18:45,709 INFO: Dtoy startup [in F:\Note\Dtoy\app\Dtoy\__init__.py:39]
2016-01-18 09:20:14,068 INFO: Dtoy startup [in F:\Note\Dtoy\app\Dtoy\__init__.py:39]
2016-01-18 09:20:21,838 INFO: Dtoy startup [in F:\Note\Dtoy\app\Dtoy\__init__.py:39]
2016-01-18 09:20:32,035 INFO: Dtoy startup [in F:\Note\Dtoy\app\Dtoy\__init__.py:39]
2016-01-18 09:20:36,773 INFO: Dtoy startup [in F:\Note\Dtoy\app\Dtoy\__init__.py:39]
2016-01-18 09:21:06,980 INFO: Dtoy startup [in F:\Note\Dtoy\app\Dtoy\__init__.py:39]
2016-01-18 09:29:29,132 INFO: Dtoy startup [in F:\Note\Dtoy\app\Dtoy\__init__.py:39]
2016-01-18 09:29:41,052 INFO: Dtoy startup [in F:\Note\Dtoy\app\Dtoy\__init__.py:39]
2016-01-18 09:31:50,378 INFO: Dtoy startup [in F:\Note\Dtoy\app\Dtoy\__init__.py:39]
2016-01-18 09:33:11,559 INFO: Dtoy startup [in F:\Note\Dtoy\app\Dtoy\__init__.py:39]
2016-01-18 09:33:50,523 INFO: Dtoy startup [in F:\Note\Dtoy\app\Dtoy\__init__.py:39]
2016-01-18 09:34:02,451 INFO: Dtoy startup [in F:\Note\Dtoy\app\Dtoy\__init__.py:39]
2016-01-18 09:34:41,897 INFO: Dtoy startup [in F:\Note\Dtoy\app\Dtoy\__init__.py:39]
2016-01-18 09:36:15,430 INFO: Dtoy startup [in F:\Note\Dtoy\app\Dtoy\__init__.py:39]
2016-01-18 09:37:52,242 INFO: Dtoy startup [in F:\Note\Dtoy\app\Dtoy\__init__.py:39]
2016-01-18 10:07:52,589 INFO: Dtoy startup [in F:\Note\Dtoy\app\Dtoy\__init__.py:39]
2016-01-18 10:59:24,151 INFO: Dtoy startup [in F:\Note\Dtoy\app\Dtoy\__init__.py:39]
2016-01-18 11:01:40,464 INFO: Dtoy startup [in F:\Note\Dtoy\app\Dtoy\__init__.py:39]
2016-01-19 15:19:02,282 INFO: Dtoy startup [in F:\Note\Dtoy\app\Dtoy\__init__.py:39]
2016-01-19 15:19:03,092 INFO: Dtoy startup [in F:\Note\Dtoy\app\Dtoy\__init__.py:39]
2016-01-19 15:24:43,496 INFO: 127.0.0.1 use wangle@21tb.com login. [in F:\Note\Dtoy\app\Dtoy\user\UserView.py:76]
2016-01-19 15:26:40,543 INFO: Dtoy startup [in F:\Note\Dtoy\app\Dtoy\__init__.py:39]
2016-01-19 15:26:42,253 INFO: Dtoy startup [in F:\Note\Dtoy\app\Dtoy\__init__.py:39]
2016-01-27 09:18:23,976 INFO: Dtoy startup [in F:\Note\Dtoy\app\Dtoy\__init__.py:39]
2016-01-27 09:18:24,584 INFO: Dtoy startup [in F:\Note\Dtoy\app\Dtoy\__init__.py:39]
2016-01-27 09:18:45,052 INFO: 127.0.0.1 use wangle@21tb.com login. [in F:\Note\Dtoy\app\Dtoy\user\UserView.py:76]
2016-01-27 09:21:58,259 INFO: Dtoy startup [in F:\Note\Dtoy\app\Dtoy\__init__.py:39]
2016-01-27 09:22:27,532 INFO: Dtoy startup [in F:\Note\Dtoy\app\Dtoy\__init__.py:39]
2016-01-27 09:22:30,276 INFO: Dtoy startup [in F:\Note\Dtoy\app\Dtoy\__init__.py:39]
2016-01-27 09:37:59,994 INFO: Dtoy startup [in F:\Note\Dtoy\app\Dtoy\__init__.py:39]
2016-01-27 09:38:24,112 INFO: Dtoy startup [in F:\Note\Dtoy\app\Dtoy\__init__.py:39]
2016-01-27 09:39:45,338 INFO: Dtoy startup [in F:\Note\Dtoy\app\Dtoy\__init__.py:39]
2016-01-27 09:39:47,484 INFO: Dtoy startup [in F:\Note\Dtoy\app\Dtoy\__init__.py:39]
2016-01-27 09:39:48,084 INFO: Dtoy startup [in F:\Note\Dtoy\app\Dtoy\__init__.py:39]
